<?xml version="1.0" encoding="UTF-8"?>
<testng-results ignored="0" total="1" passed="1" failed="0" skipped="0">
  <reporter-output>
  </reporter-output>
  <suite started-at="2026-01-10T18:42:35 IST" name="Suite" finished-at="2026-01-10T18:42:59 IST" duration-ms="23444">
    <groups>
    </groups>
    <test started-at="2026-01-10T18:42:35 IST" name="Test" finished-at="2026-01-10T18:42:59 IST" duration-ms="23444">
      <class name="Acti.Acting">
        <test-method is-config="true" signature="setup()[pri:0, instance:Acti.Acting@797cf65c]" started-at="2026-01-10T18:42:36 IST" name="setup" finished-at="2026-01-10T18:42:52 IST" duration-ms="16812" status="PASS">
          <reporter-output>
          </reporter-output>
        </test-method> <!-- setup -->
        <test-method signature="firsttestcase()[pri:0, instance:Acti.Acting@797cf65c]" started-at="2026-01-10T18:42:52 IST" name="firsttestcase" finished-at="2026-01-10T18:42:59 IST" duration-ms="6166" status="PASS">
          <reporter-output>
          </reporter-output>
        </test-method> <!-- firsttestcase -->
        <test-method is-config="true" signature="teardown()[pri:0, instance:Acti.Acting@797cf65c]" started-at="2026-01-10T18:42:59 IST" name="teardown" finished-at="2026-01-10T18:42:59 IST" duration-ms="332" status="PASS">
          <reporter-output>
          </reporter-output>
        </test-method> <!-- teardown -->
      </class> <!-- Acti.Acting -->
    </test> <!-- Test -->
  </suite> <!-- Suite -->
</testng-results>
